<?xml version="1.0" encoding="UTF-8"?>
<coverage generated="1534542685600" clover="3.2.0">
  <project timestamp="1534542685600" name="All files">
    <metrics statements="121" coveredstatements="34" conditionals="21" coveredconditionals="2" methods="72" coveredmethods="1" elements="214" coveredelements="37" complexity="0" loc="121" ncloc="121" packages="5" files="16" classes="16">
      <package name="src">
        <metrics statements="53" coveredstatements="14" conditionals="6" coveredconditionals="1" methods="31" coveredmethods="0"/>
        <file name="App.js" path="/Users/dmaia/SourceCode/Udacity/Desenvolvedor React/myreads/src/App.js">
          <metrics statements="22" coveredstatements="0" conditionals="0" coveredconditionals="0" methods="19" coveredmethods="0"/>
          <line num="22" count="0" type="stmt"/>
          <line num="31" count="0" type="stmt"/>
          <line num="32" count="0" type="stmt"/>
          <line num="33" count="0" type="stmt"/>
          <line num="39" count="0" type="stmt"/>
          <line num="50" count="0" type="stmt"/>
          <line num="63" count="0" type="stmt"/>
          <line num="75" count="0" type="stmt"/>
          <line num="76" count="0" type="stmt"/>
          <line num="87" count="0" type="stmt"/>
          <line num="99" count="0" type="stmt"/>
          <line num="100" count="0" type="stmt"/>
          <line num="102" count="0" type="stmt"/>
          <line num="103" count="0" type="stmt"/>
          <line num="104" count="0" type="stmt"/>
          <line num="106" count="0" type="stmt"/>
          <line num="109" count="0" type="stmt"/>
          <line num="119" count="0" type="stmt"/>
          <line num="127" count="0" type="stmt"/>
          <line num="131" count="0" type="stmt"/>
          <line num="134" count="0" type="stmt"/>
          <line num="145" count="0" type="stmt"/>
        </file>
        <file name="BooksAPI.js" path="/Users/dmaia/SourceCode/Udacity/Desenvolvedor React/myreads/src/BooksAPI.js">
          <metrics statements="20" coveredstatements="9" conditionals="2" coveredconditionals="1" methods="11" coveredmethods="0"/>
          <line num="2" count="1" type="stmt"/>
          <line num="6" count="1" type="stmt"/>
          <line num="7" count="1" type="cond" truecount="1" falsecount="1"/>
          <line num="8" count="1" type="stmt"/>
          <line num="10" count="1" type="stmt"/>
          <line num="15" count="1" type="stmt"/>
          <line num="16" count="0" type="stmt"/>
          <line num="17" count="0" type="stmt"/>
          <line num="18" count="0" type="stmt"/>
          <line num="20" count="1" type="stmt"/>
          <line num="21" count="0" type="stmt"/>
          <line num="22" count="0" type="stmt"/>
          <line num="23" count="0" type="stmt"/>
          <line num="25" count="1" type="stmt"/>
          <line num="26" count="0" type="stmt"/>
          <line num="33" count="0" type="stmt"/>
          <line num="35" count="1" type="stmt"/>
          <line num="36" count="0" type="stmt"/>
          <line num="43" count="0" type="stmt"/>
          <line num="44" count="0" type="stmt"/>
        </file>
        <file name="index.js" path="/Users/dmaia/SourceCode/Udacity/Desenvolvedor React/myreads/src/index.js">
          <metrics statements="6" coveredstatements="0" conditionals="4" coveredconditionals="0" methods="1" coveredmethods="0"/>
          <line num="1" count="0" type="stmt"/>
          <line num="2" count="0" type="stmt"/>
          <line num="3" count="0" type="stmt"/>
          <line num="4" count="0" type="stmt"/>
          <line num="5" count="0" type="cond" truecount="0" falsecount="4"/>
          <line num="7" count="0" type="stmt"/>
        </file>
        <file name="setupTests.js" path="/Users/dmaia/SourceCode/Udacity/Desenvolvedor React/myreads/src/setupTests.js">
          <metrics statements="5" coveredstatements="5" conditionals="0" coveredconditionals="0" methods="0" coveredmethods="0"/>
          <line num="4" count="2" type="stmt"/>
          <line num="6" count="2" type="stmt"/>
          <line num="7" count="2" type="stmt"/>
          <line num="8" count="2" type="stmt"/>
          <line num="9" count="2" type="stmt"/>
        </file>
      </package>
      <package name="src.components">
        <metrics statements="31" coveredstatements="17" conditionals="4" coveredconditionals="1" methods="14" coveredmethods="1"/>
        <file name="AddBook.js" path="/Users/dmaia/SourceCode/Udacity/Desenvolvedor React/myreads/src/components/AddBook.js">
          <metrics statements="1" coveredstatements="0" conditionals="0" coveredconditionals="0" methods="1" coveredmethods="0"/>
          <line num="5" count="0" type="stmt"/>
        </file>
        <file name="Alert.js" path="/Users/dmaia/SourceCode/Udacity/Desenvolvedor React/myreads/src/components/Alert.js">
          <metrics statements="3" coveredstatements="2" conditionals="0" coveredconditionals="0" methods="1" coveredmethods="0"/>
          <line num="10" count="1" type="stmt"/>
          <line num="26" count="0" type="stmt"/>
          <line num="52" count="1" type="stmt"/>
        </file>
        <file name="Book.js" path="/Users/dmaia/SourceCode/Udacity/Desenvolvedor React/myreads/src/components/Book.js">
          <metrics statements="4" coveredstatements="2" conditionals="0" coveredconditionals="0" methods="1" coveredmethods="0"/>
          <line num="6" count="1" type="stmt"/>
          <line num="21" count="0" type="stmt"/>
          <line num="27" count="0" type="stmt"/>
          <line num="43" count="1" type="stmt"/>
        </file>
        <file name="BookGrid.js" path="/Users/dmaia/SourceCode/Udacity/Desenvolvedor React/myreads/src/components/BookGrid.js">
          <metrics statements="4" coveredstatements="2" conditionals="0" coveredconditionals="0" methods="2" coveredmethods="0"/>
          <line num="7" count="1" type="stmt"/>
          <line num="27" count="0" type="stmt"/>
          <line num="32" count="0" type="stmt"/>
          <line num="51" count="1" type="stmt"/>
        </file>
        <file name="If.js" path="/Users/dmaia/SourceCode/Udacity/Desenvolvedor React/myreads/src/components/If.js">
          <metrics statements="3" coveredstatements="3" conditionals="2" coveredconditionals="1" methods="1" coveredmethods="1"/>
          <line num="4" count="2" type="stmt"/>
          <line num="23" count="1" type="cond" truecount="1" falsecount="1"/>
          <line num="26" count="2" type="stmt"/>
        </file>
        <file name="SearchBook.js" path="/Users/dmaia/SourceCode/Udacity/Desenvolvedor React/myreads/src/components/SearchBook.js">
          <metrics statements="4" coveredstatements="2" conditionals="0" coveredconditionals="0" methods="2" coveredmethods="0"/>
          <line num="9" count="1" type="stmt"/>
          <line num="36" count="0" type="stmt"/>
          <line num="42" count="0" type="stmt"/>
          <line num="60" count="1" type="stmt"/>
        </file>
        <file name="ShelfBook.js" path="/Users/dmaia/SourceCode/Udacity/Desenvolvedor React/myreads/src/components/ShelfBook.js">
          <metrics statements="3" coveredstatements="2" conditionals="0" coveredconditionals="0" methods="1" coveredmethods="0"/>
          <line num="6" count="1" type="stmt"/>
          <line num="27" count="0" type="stmt"/>
          <line num="44" count="1" type="stmt"/>
        </file>
        <file name="ShelfBookChanger.js" path="/Users/dmaia/SourceCode/Udacity/Desenvolvedor React/myreads/src/components/ShelfBookChanger.js">
          <metrics statements="5" coveredstatements="2" conditionals="2" coveredconditionals="0" methods="3" coveredmethods="0"/>
          <line num="5" count="1" type="stmt"/>
          <line num="22" count="0" type="stmt"/>
          <line num="24" count="0" type="cond" truecount="0" falsecount="2"/>
          <line num="28" count="0" type="stmt"/>
          <line num="37" count="1" type="stmt"/>
        </file>
        <file name="ShelfBookGroup.js" path="/Users/dmaia/SourceCode/Udacity/Desenvolvedor React/myreads/src/components/ShelfBookGroup.js">
          <metrics statements="4" coveredstatements="2" conditionals="0" coveredconditionals="0" methods="2" coveredmethods="0"/>
          <line num="9" count="1" type="stmt"/>
          <line num="31" count="0" type="stmt"/>
          <line num="41" count="0" type="stmt"/>
          <line num="59" count="1" type="stmt"/>
        </file>
      </package>
      <package name="src.containers">
        <metrics statements="18" coveredstatements="2" conditionals="6" coveredconditionals="0" methods="8" coveredmethods="0"/>
        <file name="SearchBookContainer.js" path="/Users/dmaia/SourceCode/Udacity/Desenvolvedor React/myreads/src/containers/SearchBookContainer.js">
          <metrics statements="18" coveredstatements="2" conditionals="6" coveredconditionals="0" methods="8" coveredmethods="0"/>
          <line num="10" count="1" type="stmt"/>
          <line num="46" count="0" type="stmt"/>
          <line num="47" count="0" type="stmt"/>
          <line num="48" count="0" type="cond" truecount="0" falsecount="2"/>
          <line num="50" count="0" type="stmt"/>
          <line num="51" count="0" type="stmt"/>
          <line num="52" count="0" type="stmt"/>
          <line num="53" count="0" type="stmt"/>
          <line num="55" count="0" type="stmt"/>
          <line num="56" count="0" type="stmt"/>
          <line num="71" count="0" type="cond" truecount="0" falsecount="2"/>
          <line num="72" count="0" type="stmt"/>
          <line num="83" count="0" type="cond" truecount="0" falsecount="2"/>
          <line num="94" count="0" type="stmt"/>
          <line num="95" count="0" type="stmt"/>
          <line num="96" count="0" type="stmt"/>
          <line num="100" count="0" type="stmt"/>
          <line num="113" count="1" type="stmt"/>
        </file>
      </package>
      <package name="src.helpers">
        <metrics statements="1" coveredstatements="1" conditionals="0" coveredconditionals="0" methods="3" coveredmethods="0"/>
        <file name="Helpers.js" path="/Users/dmaia/SourceCode/Udacity/Desenvolvedor React/myreads/src/helpers/Helpers.js">
          <metrics statements="1" coveredstatements="1" conditionals="0" coveredconditionals="0" methods="3" coveredmethods="0"/>
          <line num="10" count="1" type="stmt"/>
        </file>
      </package>
      <package name="src.utils">
        <metrics statements="18" coveredstatements="0" conditionals="5" coveredconditionals="0" methods="16" coveredmethods="0"/>
        <file name="Util.js" path="/Users/dmaia/SourceCode/Udacity/Desenvolvedor React/myreads/src/utils/Util.js">
          <metrics statements="18" coveredstatements="0" conditionals="5" coveredconditionals="0" methods="16" coveredmethods="0"/>
          <line num="14" count="0" type="stmt"/>
          <line num="15" count="0" type="stmt"/>
          <line num="38" count="0" type="stmt"/>
          <line num="46" count="0" type="stmt"/>
          <line num="61" count="0" type="stmt"/>
          <line num="62" count="0" type="stmt"/>
          <line num="76" count="0" type="stmt"/>
          <line num="77" count="0" type="stmt"/>
          <line num="78" count="0" type="stmt"/>
          <line num="80" count="0" type="stmt"/>
          <line num="92" count="0" type="cond" truecount="0" falsecount="1"/>
          <line num="93" count="0" type="stmt"/>
          <line num="105" count="0" type="stmt"/>
          <line num="106" count="0" type="stmt"/>
          <line num="107" count="0" type="stmt"/>
          <line num="120" count="0" type="stmt"/>
          <line num="121" count="0" type="stmt"/>
          <line num="122" count="0" type="stmt"/>
        </file>
      </package>
    </metrics>
  </project>
</coverage>
