{"/Users/dmaia/SourceCode/Udacity/Desenvolvedor React/myreads/src/App.js": {"path":"/Users/dmaia/SourceCode/Udacity/Desenvolvedor React/myreads/src/App.js","statementMap":{"0":{"start":{"line":22,"column":4},"end":{"line":22,"column":29}},"1":{"start":{"line":31,"column":3},"end":{"line":40,"column":6}},"2":{"start":{"line":32,"column":19},"end":{"line":37,"column":6}},"3":{"start":{"line":33,"column":6},"end":{"line":36,"column":8}},"4":{"start":{"line":39,"column":4},"end":{"line":39,"column":50}},"5":{"start":{"line":50,"column":4},"end":{"line":50,"column":58}},"6":{"start":{"line":50,"column":48},"end":{"line":50,"column":55}},"7":{"start":{"line":63,"column":4},"end":{"line":63,"column":29}},"8":{"start":{"line":75,"column":4},"end":{"line":77,"column":6}},"9":{"start":{"line":76,"column":6},"end":{"line":76,"column":62}},"10":{"start":{"line":76,"column":31},"end":{"line":76,"column":47}},"11":{"start":{"line":87,"column":4},"end":{"line":87,"column":42}},"12":{"start":{"line":99,"column":6},"end":{"line":99,"column":29}},"13":{"start":{"line":100,"column":20},"end":{"line":100,"column":38}},"14":{"start":{"line":102,"column":6},"end":{"line":102,"column":27}},"15":{"start":{"line":103,"column":21},"end":{"line":103,"column":42}},"16":{"start":{"line":104,"column":6},"end":{"line":104,"column":55}},"17":{"start":{"line":106,"column":6},"end":{"line":110,"column":9}},"18":{"start":{"line":109,"column":8},"end":{"line":109,"column":31}},"19":{"start":{"line":119,"column":4},"end":{"line":119,"column":34}},"20":{"start":{"line":127,"column":4},"end":{"line":127,"column":48}},"21":{"start":{"line":131,"column":4},"end":{"line":156,"column":5}},"22":{"start":{"line":134,"column":10},"end":{"line":141,"column":12}},"23":{"start":{"line":145,"column":10},"end":{"line":152,"column":12}}},"fnMap":{"0":{"name":"(anonymous_0)","decl":{"start":{"line":21,"column":2},"end":{"line":21,"column":3}},"loc":{"start":{"line":21,"column":22},"end":{"line":23,"column":3}},"line":21},"1":{"name":"(anonymous_1)","decl":{"start":{"line":30,"column":22},"end":{"line":30,"column":23}},"loc":{"start":{"line":30,"column":28},"end":{"line":41,"column":3}},"line":30},"2":{"name":"(anonymous_2)","decl":{"start":{"line":31,"column":70},"end":{"line":31,"column":71}},"loc":{"start":{"line":31,"column":82},"end":{"line":40,"column":4}},"line":31},"3":{"name":"(anonymous_3)","decl":{"start":{"line":32,"column":30},"end":{"line":32,"column":31}},"loc":{"start":{"line":32,"column":37},"end":{"line":37,"column":5}},"line":32},"4":{"name":"(anonymous_4)","decl":{"start":{"line":49,"column":13},"end":{"line":49,"column":14}},"loc":{"start":{"line":49,"column":19},"end":{"line":51,"column":3}},"line":49},"5":{"name":"(anonymous_5)","decl":{"start":{"line":50,"column":43},"end":{"line":50,"column":44}},"loc":{"start":{"line":50,"column":48},"end":{"line":50,"column":55}},"line":50},"6":{"name":"(anonymous_6)","decl":{"start":{"line":62,"column":9},"end":{"line":62,"column":10}},"loc":{"start":{"line":62,"column":20},"end":{"line":64,"column":3}},"line":62},"7":{"name":"(anonymous_7)","decl":{"start":{"line":74,"column":15},"end":{"line":74,"column":16}},"loc":{"start":{"line":74,"column":25},"end":{"line":78,"column":3}},"line":74},"8":{"name":"(anonymous_8)","decl":{"start":{"line":75,"column":11},"end":{"line":75,"column":12}},"loc":{"start":{"line":75,"column":27},"end":{"line":77,"column":5}},"line":75},"9":{"name":"(anonymous_9)","decl":{"start":{"line":76,"column":26},"end":{"line":76,"column":27}},"loc":{"start":{"line":76,"column":31},"end":{"line":76,"column":47}},"line":76},"10":{"name":"(anonymous_10)","decl":{"start":{"line":86,"column":8},"end":{"line":86,"column":9}},"loc":{"start":{"line":86,"column":20},"end":{"line":88,"column":3}},"line":86},"11":{"name":"(anonymous_11)","decl":{"start":{"line":98,"column":22},"end":{"line":98,"column":23}},"loc":{"start":{"line":98,"column":38},"end":{"line":112,"column":3}},"line":98},"12":{"name":"(anonymous_12)","decl":{"start":{"line":106,"column":39},"end":{"line":106,"column":40}},"loc":{"start":{"line":106,"column":45},"end":{"line":108,"column":7}},"line":106},"13":{"name":"(anonymous_13)","decl":{"start":{"line":108,"column":15},"end":{"line":108,"column":16}},"loc":{"start":{"line":108,"column":21},"end":{"line":110,"column":7}},"line":108},"14":{"name":"(anonymous_14)","decl":{"start":{"line":118,"column":17},"end":{"line":118,"column":18}},"loc":{"start":{"line":118,"column":24},"end":{"line":120,"column":3}},"line":118},"15":{"name":"(anonymous_15)","decl":{"start":{"line":126,"column":20},"end":{"line":126,"column":21}},"loc":{"start":{"line":126,"column":26},"end":{"line":128,"column":3}},"line":126},"16":{"name":"(anonymous_16)","decl":{"start":{"line":130,"column":2},"end":{"line":130,"column":3}},"loc":{"start":{"line":130,"column":11},"end":{"line":157,"column":3}},"line":130},"17":{"name":"(anonymous_17)","decl":{"start":{"line":133,"column":38},"end":{"line":133,"column":39}},"loc":{"start":{"line":134,"column":10},"end":{"line":141,"column":12}},"line":134},"18":{"name":"(anonymous_18)","decl":{"start":{"line":144,"column":41},"end":{"line":144,"column":42}},"loc":{"start":{"line":145,"column":10},"end":{"line":152,"column":12}},"line":145}},"branchMap":{},"s":{"0":0,"1":0,"2":0,"3":0,"4":0,"5":0,"6":0,"7":0,"8":0,"9":0,"10":0,"11":0,"12":0,"13":0,"14":0,"15":0,"16":0,"17":0,"18":0,"19":0,"20":0,"21":0,"22":0,"23":0},"f":{"0":0,"1":0,"2":0,"3":0,"4":0,"5":0,"6":0,"7":0,"8":0,"9":0,"10":0,"11":0,"12":0,"13":0,"14":0,"15":0,"16":0,"17":0,"18":0},"b":{},"_coverageSchema":"332fd63041d2c1bcb487cc26dd0d5f7d97098a6c","hash":"16b861bcac3b8d4233d8b45f6442e93311d327b1"}
,"/Users/dmaia/SourceCode/Udacity/Desenvolvedor React/myreads/src/BooksAPI.js": {"path":"/Users/dmaia/SourceCode/Udacity/Desenvolvedor React/myreads/src/BooksAPI.js","statementMap":{"0":{"start":{"line":2,"column":12},"end":{"line":2,"column":51}},"1":{"start":{"line":6,"column":12},"end":{"line":6,"column":30}},"2":{"start":{"line":7,"column":0},"end":{"line":8,"column":68}},"3":{"start":{"line":8,"column":2},"end":{"line":8,"column":68}},"4":{"start":{"line":10,"column":16},"end":{"line":13,"column":1}},"5":{"start":{"line":15,"column":19},"end":{"line":18,"column":28}},"6":{"start":{"line":16,"column":2},"end":{"line":18,"column":28}},"7":{"start":{"line":17,"column":17},"end":{"line":17,"column":27}},"8":{"start":{"line":18,"column":18},"end":{"line":18,"column":27}},"9":{"start":{"line":20,"column":22},"end":{"line":23,"column":29}},"10":{"start":{"line":21,"column":2},"end":{"line":23,"column":29}},"11":{"start":{"line":22,"column":17},"end":{"line":22,"column":27}},"12":{"start":{"line":23,"column":18},"end":{"line":23,"column":28}},"13":{"start":{"line":25,"column":22},"end":{"line":33,"column":28}},"14":{"start":{"line":26,"column":2},"end":{"line":33,"column":28}},"15":{"start":{"line":33,"column":17},"end":{"line":33,"column":27}},"16":{"start":{"line":35,"column":22},"end":{"line":44,"column":29}},"17":{"start":{"line":36,"column":2},"end":{"line":44,"column":29}},"18":{"start":{"line":43,"column":17},"end":{"line":43,"column":27}},"19":{"start":{"line":44,"column":18},"end":{"line":44,"column":28}}},"fnMap":{"0":{"name":"(anonymous_0)","decl":{"start":{"line":15,"column":19},"end":{"line":15,"column":20}},"loc":{"start":{"line":16,"column":2},"end":{"line":18,"column":28}},"line":16},"1":{"name":"(anonymous_1)","decl":{"start":{"line":17,"column":10},"end":{"line":17,"column":11}},"loc":{"start":{"line":17,"column":17},"end":{"line":17,"column":27}},"line":17},"2":{"name":"(anonymous_2)","decl":{"start":{"line":18,"column":10},"end":{"line":18,"column":11}},"loc":{"start":{"line":18,"column":18},"end":{"line":18,"column":27}},"line":18},"3":{"name":"(anonymous_3)","decl":{"start":{"line":20,"column":22},"end":{"line":20,"column":23}},"loc":{"start":{"line":21,"column":2},"end":{"line":23,"column":29}},"line":21},"4":{"name":"(anonymous_4)","decl":{"start":{"line":22,"column":10},"end":{"line":22,"column":11}},"loc":{"start":{"line":22,"column":17},"end":{"line":22,"column":27}},"line":22},"5":{"name":"(anonymous_5)","decl":{"start":{"line":23,"column":10},"end":{"line":23,"column":11}},"loc":{"start":{"line":23,"column":18},"end":{"line":23,"column":28}},"line":23},"6":{"name":"(anonymous_6)","decl":{"start":{"line":25,"column":22},"end":{"line":25,"column":23}},"loc":{"start":{"line":26,"column":2},"end":{"line":33,"column":28}},"line":26},"7":{"name":"(anonymous_7)","decl":{"start":{"line":33,"column":10},"end":{"line":33,"column":11}},"loc":{"start":{"line":33,"column":17},"end":{"line":33,"column":27}},"line":33},"8":{"name":"(anonymous_8)","decl":{"start":{"line":35,"column":22},"end":{"line":35,"column":23}},"loc":{"start":{"line":36,"column":2},"end":{"line":44,"column":29}},"line":36},"9":{"name":"(anonymous_9)","decl":{"start":{"line":43,"column":10},"end":{"line":43,"column":11}},"loc":{"start":{"line":43,"column":17},"end":{"line":43,"column":27}},"line":43},"10":{"name":"(anonymous_10)","decl":{"start":{"line":44,"column":10},"end":{"line":44,"column":11}},"loc":{"start":{"line":44,"column":18},"end":{"line":44,"column":28}},"line":44}},"branchMap":{"0":{"loc":{"start":{"line":7,"column":0},"end":{"line":8,"column":68}},"type":"if","locations":[{"start":{"line":7,"column":0},"end":{"line":8,"column":68}},{"start":{"line":7,"column":0},"end":{"line":8,"column":68}}],"line":7}},"s":{"0":1,"1":1,"2":1,"3":1,"4":1,"5":1,"6":0,"7":0,"8":0,"9":1,"10":0,"11":0,"12":0,"13":1,"14":0,"15":0,"16":1,"17":0,"18":0,"19":0},"f":{"0":0,"1":0,"2":0,"3":0,"4":0,"5":0,"6":0,"7":0,"8":0,"9":0,"10":0},"b":{"0":[1,0]},"_coverageSchema":"332fd63041d2c1bcb487cc26dd0d5f7d97098a6c","hash":"c671e27700b23257fae35d9e9b8595815c4e2b69"}
,"/Users/dmaia/SourceCode/Udacity/Desenvolvedor React/myreads/src/index.js": {"path":"/Users/dmaia/SourceCode/Udacity/Desenvolvedor React/myreads/src/index.js","statementMap":{"0":{"start":{"line":1,"column":32},"end":{"line":1,"column":106}},"1":{"start":{"line":1,"column":120},"end":{"line":1,"column":136}},"2":{"start":{"line":1,"column":151},"end":{"line":1,"column":181}},"3":{"start":{"line":2,"column":16},"end":{"line":2,"column":36}},"4":{"start":{"line":2,"column":54},"end":{"line":2,"column":87}},"5":{"start":{"line":3,"column":11},"end":{"line":3,"column":27}},"6":{"start":{"line":3,"column":40},"end":{"line":3,"column":68}},"7":{"start":{"line":4,"column":0},"end":{"line":4,"column":23}},"8":{"start":{"line":5,"column":22},"end":{"line":5,"column":49}},"9":{"start":{"line":5,"column":88},"end":{"line":5,"column":142}},"10":{"start":{"line":7,"column":0},"end":{"line":9,"column":33}}},"fnMap":{"0":{"name":"_interopRequireDefault","decl":{"start":{"line":5,"column":59},"end":{"line":5,"column":81}},"loc":{"start":{"line":5,"column":87},"end":{"line":5,"column":143}},"line":5}},"branchMap":{"0":{"loc":{"start":{"line":5,"column":95},"end":{"line":5,"column":141}},"type":"cond-expr","locations":[{"start":{"line":5,"column":119},"end":{"line":5,"column":122}},{"start":{"line":5,"column":125},"end":{"line":5,"column":141}}],"line":5},"1":{"loc":{"start":{"line":5,"column":95},"end":{"line":5,"column":116}},"type":"binary-expr","locations":[{"start":{"line":5,"column":95},"end":{"line":5,"column":98}},{"start":{"line":5,"column":102},"end":{"line":5,"column":116}}],"line":5}},"s":{"0":0,"1":0,"2":0,"3":0,"4":0,"5":0,"6":0,"7":0,"8":0,"9":0,"10":0},"f":{"0":0},"b":{"0":[0,0],"1":[0,0]}}
,"/Users/dmaia/SourceCode/Udacity/Desenvolvedor React/myreads/src/setupTests.js": {"path":"/Users/dmaia/SourceCode/Udacity/Desenvolvedor React/myreads/src/setupTests.js","statementMap":{"0":{"start":{"line":4,"column":0},"end":{"line":4,"column":38}},"1":{"start":{"line":6,"column":0},"end":{"line":6,"column":24}},"2":{"start":{"line":7,"column":0},"end":{"line":7,"column":24}},"3":{"start":{"line":8,"column":0},"end":{"line":8,"column":25}},"4":{"start":{"line":9,"column":0},"end":{"line":9,"column":64}}},"fnMap":{},"branchMap":{},"s":{"0":2,"1":2,"2":2,"3":2,"4":2},"f":{},"b":{},"_coverageSchema":"332fd63041d2c1bcb487cc26dd0d5f7d97098a6c","hash":"14a8714df3d0878fc9f0300af725d7b9c3acb7fe"}
,"/Users/dmaia/SourceCode/Udacity/Desenvolvedor React/myreads/src/components/AddBook.js": {"path":"/Users/dmaia/SourceCode/Udacity/Desenvolvedor React/myreads/src/components/AddBook.js","statementMap":{"0":{"start":{"line":5,"column":4},"end":{"line":9,"column":5}}},"fnMap":{"0":{"name":"AddBook","decl":{"start":{"line":4,"column":9},"end":{"line":4,"column":16}},"loc":{"start":{"line":4,"column":19},"end":{"line":10,"column":1}},"line":4}},"branchMap":{},"s":{"0":0},"f":{"0":0},"b":{},"_coverageSchema":"332fd63041d2c1bcb487cc26dd0d5f7d97098a6c","hash":"3de86f998b5798438c0879edd2fe8bc43af8dad7"}
,"/Users/dmaia/SourceCode/Udacity/Desenvolvedor React/myreads/src/components/Alert.js": {"path":"/Users/dmaia/SourceCode/Udacity/Desenvolvedor React/myreads/src/components/Alert.js","statementMap":{"0":{"start":{"line":10,"column":18},"end":{"line":13,"column":1}},"1":{"start":{"line":26,"column":2},"end":{"line":48,"column":6}},"2":{"start":{"line":52,"column":0},"end":{"line":52,"column":34}}},"fnMap":{"0":{"name":"AlertDialog","decl":{"start":{"line":25,"column":9},"end":{"line":25,"column":20}},"loc":{"start":{"line":25,"column":43},"end":{"line":50,"column":1}},"line":25}},"branchMap":{},"s":{"0":1,"1":0,"2":1},"f":{"0":0},"b":{},"_coverageSchema":"332fd63041d2c1bcb487cc26dd0d5f7d97098a6c","hash":"1235ff01eec13834fecb2a7590c18ee90374a590"}
,"/Users/dmaia/SourceCode/Udacity/Desenvolvedor React/myreads/src/components/Book.js": {"path":"/Users/dmaia/SourceCode/Udacity/Desenvolvedor React/myreads/src/components/Book.js","statementMap":{"0":{"start":{"line":6,"column":18},"end":{"line":10,"column":1}},"1":{"start":{"line":21,"column":19},"end":{"line":25,"column":5}},"2":{"start":{"line":27,"column":4},"end":{"line":40,"column":5}},"3":{"start":{"line":43,"column":0},"end":{"line":43,"column":27}}},"fnMap":{"0":{"name":"Book","decl":{"start":{"line":20,"column":9},"end":{"line":20,"column":13}},"loc":{"start":{"line":20,"column":49},"end":{"line":41,"column":1}},"line":20}},"branchMap":{},"s":{"0":1,"1":0,"2":0,"3":1},"f":{"0":0},"b":{},"_coverageSchema":"332fd63041d2c1bcb487cc26dd0d5f7d97098a6c","hash":"11336287185fe704993a34532c4f2df15cdfd87a"}
,"/Users/dmaia/SourceCode/Udacity/Desenvolvedor React/myreads/src/components/BookGrid.js": {"path":"/Users/dmaia/SourceCode/Udacity/Desenvolvedor React/myreads/src/components/BookGrid.js","statementMap":{"0":{"start":{"line":7,"column":18},"end":{"line":13,"column":1}},"1":{"start":{"line":27,"column":4},"end":{"line":48,"column":5}},"2":{"start":{"line":32,"column":24},"end":{"line":41,"column":26}},"3":{"start":{"line":51,"column":0},"end":{"line":51,"column":31}}},"fnMap":{"0":{"name":"BookGrid","decl":{"start":{"line":26,"column":9},"end":{"line":26,"column":17}},"loc":{"start":{"line":26,"column":73},"end":{"line":49,"column":1}},"line":26},"1":{"name":"(anonymous_1)","decl":{"start":{"line":31,"column":30},"end":{"line":31,"column":31}},"loc":{"start":{"line":31,"column":38},"end":{"line":42,"column":21}},"line":31}},"branchMap":{},"s":{"0":1,"1":0,"2":0,"3":1},"f":{"0":0,"1":0},"b":{},"_coverageSchema":"332fd63041d2c1bcb487cc26dd0d5f7d97098a6c","hash":"dff417782bbcf8f8a5de66daf45a126aaca5bb2d"}
,"/Users/dmaia/SourceCode/Udacity/Desenvolvedor React/myreads/src/components/If.js": {"path":"/Users/dmaia/SourceCode/Udacity/Desenvolvedor React/myreads/src/components/If.js","statementMap":{"0":{"start":{"line":4,"column":18},"end":{"line":8,"column":1}},"1":{"start":{"line":23,"column":4},"end":{"line":23,"column":41}},"2":{"start":{"line":26,"column":0},"end":{"line":26,"column":25}}},"fnMap":{"0":{"name":"If","decl":{"start":{"line":22,"column":9},"end":{"line":22,"column":11}},"loc":{"start":{"line":22,"column":42},"end":{"line":24,"column":1}},"line":22}},"branchMap":{"0":{"loc":{"start":{"line":23,"column":12},"end":{"line":23,"column":39}},"type":"cond-expr","locations":[{"start":{"line":23,"column":19},"end":{"line":23,"column":28}},{"start":{"line":23,"column":31},"end":{"line":23,"column":39}}],"line":23}},"s":{"0":2,"1":1,"2":2},"f":{"0":1},"b":{"0":[0,1]},"_coverageSchema":"332fd63041d2c1bcb487cc26dd0d5f7d97098a6c","hash":"3554e0d24ea08eaf78ac9892ec8ce48011fb43c8"}
,"/Users/dmaia/SourceCode/Udacity/Desenvolvedor React/myreads/src/components/SearchBook.js": {"path":"/Users/dmaia/SourceCode/Udacity/Desenvolvedor React/myreads/src/components/SearchBook.js","statementMap":{"0":{"start":{"line":9,"column":18},"end":{"line":18,"column":1}},"1":{"start":{"line":36,"column":2},"end":{"line":57,"column":5}},"2":{"start":{"line":42,"column":93},"end":{"line":42,"column":115}},"3":{"start":{"line":60,"column":0},"end":{"line":60,"column":33}}},"fnMap":{"0":{"name":"SearchBook","decl":{"start":{"line":35,"column":9},"end":{"line":35,"column":19}},"loc":{"start":{"line":35,"column":108},"end":{"line":58,"column":1}},"line":35},"1":{"name":"(anonymous_1)","decl":{"start":{"line":42,"column":85},"end":{"line":42,"column":86}},"loc":{"start":{"line":42,"column":92},"end":{"line":42,"column":116}},"line":42}},"branchMap":{},"s":{"0":1,"1":0,"2":0,"3":1},"f":{"0":0,"1":0},"b":{},"_coverageSchema":"332fd63041d2c1bcb487cc26dd0d5f7d97098a6c","hash":"ae0f4033abf8ef32a33156fd8d5384a9eafbaab3"}
,"/Users/dmaia/SourceCode/Udacity/Desenvolvedor React/myreads/src/components/ShelfBook.js": {"path":"/Users/dmaia/SourceCode/Udacity/Desenvolvedor React/myreads/src/components/ShelfBook.js","statementMap":{"0":{"start":{"line":6,"column":18},"end":{"line":12,"column":1}},"1":{"start":{"line":27,"column":4},"end":{"line":41,"column":5}},"2":{"start":{"line":44,"column":0},"end":{"line":44,"column":32}}},"fnMap":{"0":{"name":"ShelfBook","decl":{"start":{"line":26,"column":9},"end":{"line":26,"column":18}},"loc":{"start":{"line":26,"column":74},"end":{"line":42,"column":1}},"line":26}},"branchMap":{},"s":{"0":1,"1":0,"2":1},"f":{"0":0},"b":{},"_coverageSchema":"332fd63041d2c1bcb487cc26dd0d5f7d97098a6c","hash":"21df68c62eec9194d014e46c5cd917d29d549603"}
,"/Users/dmaia/SourceCode/Udacity/Desenvolvedor React/myreads/src/components/ShelfBookChanger.js": {"path":"/Users/dmaia/SourceCode/Udacity/Desenvolvedor React/myreads/src/components/ShelfBookChanger.js","statementMap":{"0":{"start":{"line":5,"column":18},"end":{"line":9,"column":1}},"1":{"start":{"line":22,"column":4},"end":{"line":34,"column":5}},"2":{"start":{"line":24,"column":67},"end":{"line":24,"column":92}},"3":{"start":{"line":28,"column":24},"end":{"line":28,"column":96}},"4":{"start":{"line":37,"column":0},"end":{"line":37,"column":39}}},"fnMap":{"0":{"name":"ShelfBookChanger","decl":{"start":{"line":21,"column":9},"end":{"line":21,"column":25}},"loc":{"start":{"line":21,"column":60},"end":{"line":35,"column":1}},"line":21},"1":{"name":"(anonymous_1)","decl":{"start":{"line":24,"column":59},"end":{"line":24,"column":60}},"loc":{"start":{"line":24,"column":66},"end":{"line":24,"column":93}},"line":24},"2":{"name":"(anonymous_2)","decl":{"start":{"line":27,"column":32},"end":{"line":27,"column":33}},"loc":{"start":{"line":27,"column":42},"end":{"line":29,"column":21}},"line":27}},"branchMap":{"0":{"loc":{"start":{"line":24,"column":27},"end":{"line":24,"column":47}},"type":"binary-expr","locations":[{"start":{"line":24,"column":27},"end":{"line":24,"column":37}},{"start":{"line":24,"column":41},"end":{"line":24,"column":47}}],"line":24}},"s":{"0":1,"1":0,"2":0,"3":0,"4":1},"f":{"0":0,"1":0,"2":0},"b":{"0":[0,0]},"_coverageSchema":"332fd63041d2c1bcb487cc26dd0d5f7d97098a6c","hash":"ee0f433587d486f367f0436b54533e113fbe7457"}
,"/Users/dmaia/SourceCode/Udacity/Desenvolvedor React/myreads/src/components/ShelfBookGroup.js": {"path":"/Users/dmaia/SourceCode/Udacity/Desenvolvedor React/myreads/src/components/ShelfBookGroup.js","statementMap":{"0":{"start":{"line":9,"column":18},"end":{"line":16,"column":1}},"1":{"start":{"line":31,"column":3},"end":{"line":56,"column":5}},"2":{"start":{"line":41,"column":28},"end":{"line":48,"column":38}},"3":{"start":{"line":59,"column":0},"end":{"line":59,"column":37}}},"fnMap":{"0":{"name":"ShelfBookGroup","decl":{"start":{"line":30,"column":9},"end":{"line":30,"column":23}},"loc":{"start":{"line":30,"column":87},"end":{"line":57,"column":1}},"line":30},"1":{"name":"(anonymous_1)","decl":{"start":{"line":40,"column":57},"end":{"line":40,"column":58}},"loc":{"start":{"line":40,"column":66},"end":{"line":49,"column":25}},"line":40}},"branchMap":{},"s":{"0":1,"1":0,"2":0,"3":1},"f":{"0":0,"1":0},"b":{},"_coverageSchema":"332fd63041d2c1bcb487cc26dd0d5f7d97098a6c","hash":"2959c8a4a19c52114796ed6505bda14a9cac52a2"}
,"/Users/dmaia/SourceCode/Udacity/Desenvolvedor React/myreads/src/containers/SearchBookContainer.js": {"path":"/Users/dmaia/SourceCode/Udacity/Desenvolvedor React/myreads/src/containers/SearchBookContainer.js","statementMap":{"0":{"start":{"line":10,"column":18},"end":{"line":17,"column":1}},"1":{"start":{"line":46,"column":8},"end":{"line":46,"column":44}},"2":{"start":{"line":47,"column":8},"end":{"line":57,"column":11}},"3":{"start":{"line":48,"column":12},"end":{"line":48,"column":68}},"4":{"start":{"line":50,"column":33},"end":{"line":50,"column":56}},"5":{"start":{"line":51,"column":33},"end":{"line":51,"column":74}},"6":{"start":{"line":52,"column":12},"end":{"line":52,"column":55}},"7":{"start":{"line":53,"column":12},"end":{"line":53,"column":49}},"8":{"start":{"line":55,"column":12},"end":{"line":55,"column":43}},"9":{"start":{"line":56,"column":12},"end":{"line":56,"column":41}},"10":{"start":{"line":71,"column":8},"end":{"line":71,"column":75}},"11":{"start":{"line":72,"column":8},"end":{"line":72,"column":21}},"12":{"start":{"line":83,"column":8},"end":{"line":83,"column":52}},"13":{"start":{"line":94,"column":8},"end":{"line":94,"column":31}},"14":{"start":{"line":95,"column":22},"end":{"line":95,"column":40}},"15":{"start":{"line":96,"column":8},"end":{"line":96,"column":48}},"16":{"start":{"line":100,"column":8},"end":{"line":109,"column":14}},"17":{"start":{"line":113,"column":0},"end":{"line":113,"column":42}}},"fnMap":{"0":{"name":"(anonymous_0)","decl":{"start":{"line":45,"column":29},"end":{"line":45,"column":30}},"loc":{"start":{"line":45,"column":40},"end":{"line":58,"column":5}},"line":45},"1":{"name":"(anonymous_1)","decl":{"start":{"line":47,"column":36},"end":{"line":47,"column":37}},"loc":{"start":{"line":47,"column":47},"end":{"line":49,"column":9}},"line":47},"2":{"name":"(anonymous_2)","decl":{"start":{"line":49,"column":16},"end":{"line":49,"column":17}},"loc":{"start":{"line":49,"column":27},"end":{"line":54,"column":9}},"line":49},"3":{"name":"(anonymous_3)","decl":{"start":{"line":54,"column":17},"end":{"line":54,"column":18}},"loc":{"start":{"line":54,"column":23},"end":{"line":57,"column":9}},"line":54},"4":{"name":"(anonymous_4)","decl":{"start":{"line":70,"column":14},"end":{"line":70,"column":15}},"loc":{"start":{"line":70,"column":25},"end":{"line":73,"column":5}},"line":70},"5":{"name":"(anonymous_5)","decl":{"start":{"line":82,"column":15},"end":{"line":82,"column":16}},"loc":{"start":{"line":82,"column":26},"end":{"line":84,"column":5}},"line":82},"6":{"name":"(anonymous_6)","decl":{"start":{"line":93,"column":26},"end":{"line":93,"column":27}},"loc":{"start":{"line":93,"column":37},"end":{"line":97,"column":5}},"line":93},"7":{"name":"(anonymous_7)","decl":{"start":{"line":99,"column":4},"end":{"line":99,"column":5}},"loc":{"start":{"line":99,"column":13},"end":{"line":110,"column":5}},"line":99}},"branchMap":{"0":{"loc":{"start":{"line":48,"column":19},"end":{"line":48,"column":67}},"type":"cond-expr","locations":[{"start":{"line":48,"column":42},"end":{"line":48,"column":62}},{"start":{"line":48,"column":65},"end":{"line":48,"column":67}}],"line":48},"1":{"loc":{"start":{"line":71,"column":8},"end":{"line":71,"column":74}},"type":"binary-expr","locations":[{"start":{"line":71,"column":8},"end":{"line":71,"column":25}},{"start":{"line":71,"column":29},"end":{"line":71,"column":74}}],"line":71},"2":{"loc":{"start":{"line":83,"column":8},"end":{"line":83,"column":51}},"type":"binary-expr","locations":[{"start":{"line":83,"column":8},"end":{"line":83,"column":24}},{"start":{"line":83,"column":28},"end":{"line":83,"column":51}}],"line":83}},"s":{"0":1,"1":0,"2":0,"3":0,"4":0,"5":0,"6":0,"7":0,"8":0,"9":0,"10":0,"11":0,"12":0,"13":0,"14":0,"15":0,"16":0,"17":1},"f":{"0":0,"1":0,"2":0,"3":0,"4":0,"5":0,"6":0,"7":0},"b":{"0":[0,0],"1":[0,0],"2":[0,0]},"_coverageSchema":"332fd63041d2c1bcb487cc26dd0d5f7d97098a6c","hash":"e476c8553b0fe608449ae644f924b2c98bc549cc"}
,"/Users/dmaia/SourceCode/Udacity/Desenvolvedor React/myreads/src/helpers/Helpers.js": {"path":"/Users/dmaia/SourceCode/Udacity/Desenvolvedor React/myreads/src/helpers/Helpers.js","statementMap":{"0":{"start":{"line":10,"column":23},"end":{"line":10,"column":69}},"1":{"start":{"line":10,"column":35},"end":{"line":10,"column":69}},"2":{"start":{"line":10,"column":40},"end":{"line":10,"column":69}},"3":{"start":{"line":10,"column":61},"end":{"line":10,"column":65}}},"fnMap":{"0":{"name":"(anonymous_0)","decl":{"start":{"line":10,"column":23},"end":{"line":10,"column":24}},"loc":{"start":{"line":10,"column":35},"end":{"line":10,"column":69}},"line":10},"1":{"name":"(anonymous_1)","decl":{"start":{"line":10,"column":35},"end":{"line":10,"column":36}},"loc":{"start":{"line":10,"column":40},"end":{"line":10,"column":69}},"line":10},"2":{"name":"(anonymous_2)","decl":{"start":{"line":10,"column":51},"end":{"line":10,"column":52}},"loc":{"start":{"line":10,"column":61},"end":{"line":10,"column":65}},"line":10}},"branchMap":{},"s":{"0":1,"1":0,"2":0,"3":0},"f":{"0":0,"1":0,"2":0},"b":{},"_coverageSchema":"332fd63041d2c1bcb487cc26dd0d5f7d97098a6c","hash":"f928460541530d13b05ba03ad32fd225f97f15c5"}
,"/Users/dmaia/SourceCode/Udacity/Desenvolvedor React/myreads/src/utils/Util.js": {"path":"/Users/dmaia/SourceCode/Udacity/Desenvolvedor React/myreads/src/utils/Util.js","statementMap":{"0":{"start":{"line":14,"column":1},"end":{"line":23,"column":5}},"1":{"start":{"line":15,"column":4},"end":{"line":22,"column":6}},"2":{"start":{"line":38,"column":2},"end":{"line":38,"column":57}},"3":{"start":{"line":46,"column":2},"end":{"line":50,"column":4}},"4":{"start":{"line":61,"column":16},"end":{"line":61,"column":39}},"5":{"start":{"line":61,"column":34},"end":{"line":61,"column":38}},"6":{"start":{"line":62,"column":2},"end":{"line":62,"column":54}},"7":{"start":{"line":62,"column":29},"end":{"line":62,"column":52}},"8":{"start":{"line":76,"column":22},"end":{"line":76,"column":37}},"9":{"start":{"line":77,"column":22},"end":{"line":77,"column":42}},"10":{"start":{"line":78,"column":22},"end":{"line":78,"column":46}},"11":{"start":{"line":80,"column":6},"end":{"line":80,"column":43}},"12":{"start":{"line":92,"column":4},"end":{"line":94,"column":6}},"13":{"start":{"line":93,"column":6},"end":{"line":93,"column":51}},"14":{"start":{"line":93,"column":30},"end":{"line":93,"column":49}},"15":{"start":{"line":105,"column":6},"end":{"line":108,"column":8}},"16":{"start":{"line":106,"column":8},"end":{"line":106,"column":31}},"17":{"start":{"line":107,"column":8},"end":{"line":107,"column":21}},"18":{"start":{"line":120,"column":4},"end":{"line":123,"column":6}},"19":{"start":{"line":121,"column":6},"end":{"line":121,"column":28}},"20":{"start":{"line":122,"column":6},"end":{"line":122,"column":67}},"21":{"start":{"line":122,"column":32},"end":{"line":122,"column":51}}},"fnMap":{"0":{"name":"transformBook","decl":{"start":{"line":12,"column":16},"end":{"line":12,"column":29}},"loc":{"start":{"line":13,"column":0},"end":{"line":25,"column":1}},"line":13},"1":{"name":"(anonymous_1)","decl":{"start":{"line":14,"column":18},"end":{"line":14,"column":19}},"loc":{"start":{"line":14,"column":28},"end":{"line":23,"column":3}},"line":14},"2":{"name":"bindShelfs","decl":{"start":{"line":36,"column":16},"end":{"line":36,"column":26}},"loc":{"start":{"line":36,"column":34},"end":{"line":125,"column":1}},"line":36},"3":{"name":"shelfs","decl":{"start":{"line":45,"column":9},"end":{"line":45,"column":15}},"loc":{"start":{"line":45,"column":18},"end":{"line":51,"column":1}},"line":45},"4":{"name":"filter","decl":{"start":{"line":60,"column":9},"end":{"line":60,"column":15}},"loc":{"start":{"line":60,"column":23},"end":{"line":63,"column":1}},"line":60},"5":{"name":"(anonymous_5)","decl":{"start":{"line":61,"column":29},"end":{"line":61,"column":30}},"loc":{"start":{"line":61,"column":34},"end":{"line":61,"column":38}},"line":61},"6":{"name":"(anonymous_6)","decl":{"start":{"line":62,"column":22},"end":{"line":62,"column":23}},"loc":{"start":{"line":62,"column":29},"end":{"line":62,"column":52}},"line":62},"7":{"name":"createInitialObj","decl":{"start":{"line":75,"column":11},"end":{"line":75,"column":27}},"loc":{"start":{"line":75,"column":41},"end":{"line":81,"column":3}},"line":75},"8":{"name":"findShelf","decl":{"start":{"line":91,"column":11},"end":{"line":91,"column":20}},"loc":{"start":{"line":91,"column":27},"end":{"line":95,"column":3}},"line":91},"9":{"name":"(anonymous_9)","decl":{"start":{"line":92,"column":11},"end":{"line":92,"column":12}},"loc":{"start":{"line":92,"column":31},"end":{"line":94,"column":5}},"line":92},"10":{"name":"(anonymous_10)","decl":{"start":{"line":93,"column":25},"end":{"line":93,"column":26}},"loc":{"start":{"line":93,"column":30},"end":{"line":93,"column":49}},"line":93},"11":{"name":"addBookOnShelf","decl":{"start":{"line":104,"column":11},"end":{"line":104,"column":25}},"loc":{"start":{"line":104,"column":32},"end":{"line":109,"column":3}},"line":104},"12":{"name":"(anonymous_12)","decl":{"start":{"line":105,"column":13},"end":{"line":105,"column":14}},"loc":{"start":{"line":105,"column":29},"end":{"line":108,"column":7}},"line":105},"13":{"name":"updateShelf","decl":{"start":{"line":119,"column":11},"end":{"line":119,"column":22}},"loc":{"start":{"line":119,"column":36},"end":{"line":124,"column":3}},"line":119},"14":{"name":"(anonymous_14)","decl":{"start":{"line":120,"column":11},"end":{"line":120,"column":12}},"loc":{"start":{"line":120,"column":27},"end":{"line":123,"column":5}},"line":120},"15":{"name":"(anonymous_15)","decl":{"start":{"line":122,"column":27},"end":{"line":122,"column":28}},"loc":{"start":{"line":122,"column":32},"end":{"line":122,"column":51}},"line":122}},"branchMap":{"0":{"loc":{"start":{"line":19,"column":16},"end":{"line":19,"column":58}},"type":"cond-expr","locations":[{"start":{"line":19,"column":31},"end":{"line":19,"column":53}},{"start":{"line":19,"column":56},"end":{"line":19,"column":58}}],"line":19},"1":{"loc":{"start":{"line":20,"column":16},"end":{"line":20,"column":69}},"type":"cond-expr","locations":[{"start":{"line":20,"column":34},"end":{"line":20,"column":64}},{"start":{"line":20,"column":67},"end":{"line":20,"column":69}}],"line":20},"2":{"loc":{"start":{"line":92,"column":20},"end":{"line":92,"column":29}},"type":"default-arg","locations":[{"start":{"line":92,"column":27},"end":{"line":92,"column":29}}],"line":92}},"s":{"0":0,"1":0,"2":0,"3":0,"4":0,"5":0,"6":0,"7":0,"8":0,"9":0,"10":0,"11":0,"12":0,"13":0,"14":0,"15":0,"16":0,"17":0,"18":0,"19":0,"20":0,"21":0},"f":{"0":0,"1":0,"2":0,"3":0,"4":0,"5":0,"6":0,"7":0,"8":0,"9":0,"10":0,"11":0,"12":0,"13":0,"14":0,"15":0},"b":{"0":[0,0],"1":[0,0],"2":[0]},"_coverageSchema":"332fd63041d2c1bcb487cc26dd0d5f7d97098a6c","hash":"ac7beea02e9c2727c9b4be114bf63ce818c5be2d"}
}
