TN:
SF:/Users/dmaia/SourceCode/Udacity/Desenvolvedor React/myreads/src/App.js
FN:21,(anonymous_0)
FN:30,(anonymous_1)
FN:31,(anonymous_2)
FN:32,(anonymous_3)
FN:49,(anonymous_4)
FN:50,(anonymous_5)
FN:62,(anonymous_6)
FN:74,(anonymous_7)
FN:75,(anonymous_8)
FN:76,(anonymous_9)
FN:86,(anonymous_10)
FN:98,(anonymous_11)
FN:106,(anonymous_12)
FN:108,(anonymous_13)
FN:118,(anonymous_14)
FN:126,(anonymous_15)
FN:130,(anonymous_16)
FN:133,(anonymous_17)
FN:144,(anonymous_18)
FNF:19
FNH:0
FNDA:0,(anonymous_0)
FNDA:0,(anonymous_1)
FNDA:0,(anonymous_2)
FNDA:0,(anonymous_3)
FNDA:0,(anonymous_4)
FNDA:0,(anonymous_5)
FNDA:0,(anonymous_6)
FNDA:0,(anonymous_7)
FNDA:0,(anonymous_8)
FNDA:0,(anonymous_9)
FNDA:0,(anonymous_10)
FNDA:0,(anonymous_11)
FNDA:0,(anonymous_12)
FNDA:0,(anonymous_13)
FNDA:0,(anonymous_14)
FNDA:0,(anonymous_15)
FNDA:0,(anonymous_16)
FNDA:0,(anonymous_17)
FNDA:0,(anonymous_18)
DA:22,0
DA:31,0
DA:32,0
DA:33,0
DA:39,0
DA:50,0
DA:63,0
DA:75,0
DA:76,0
DA:87,0
DA:99,0
DA:100,0
DA:102,0
DA:103,0
DA:104,0
DA:106,0
DA:109,0
DA:119,0
DA:127,0
DA:131,0
DA:134,0
DA:145,0
LF:22
LH:0
BRF:0
BRH:0
end_of_record
TN:
SF:/Users/dmaia/SourceCode/Udacity/Desenvolvedor React/myreads/src/BooksAPI.js
FN:15,(anonymous_0)
FN:17,(anonymous_1)
FN:18,(anonymous_2)
FN:20,(anonymous_3)
FN:22,(anonymous_4)
FN:23,(anonymous_5)
FN:25,(anonymous_6)
FN:33,(anonymous_7)
FN:35,(anonymous_8)
FN:43,(anonymous_9)
FN:44,(anonymous_10)
FNF:11
FNH:0
FNDA:0,(anonymous_0)
FNDA:0,(anonymous_1)
FNDA:0,(anonymous_2)
FNDA:0,(anonymous_3)
FNDA:0,(anonymous_4)
FNDA:0,(anonymous_5)
FNDA:0,(anonymous_6)
FNDA:0,(anonymous_7)
FNDA:0,(anonymous_8)
FNDA:0,(anonymous_9)
FNDA:0,(anonymous_10)
DA:2,1
DA:6,1
DA:7,1
DA:8,1
DA:10,1
DA:15,1
DA:16,0
DA:17,0
DA:18,0
DA:20,1
DA:21,0
DA:22,0
DA:23,0
DA:25,1
DA:26,0
DA:33,0
DA:35,1
DA:36,0
DA:43,0
DA:44,0
LF:20
LH:9
BRDA:7,0,0,1
BRDA:7,0,1,0
BRF:2
BRH:1
end_of_record
TN:
SF:/Users/dmaia/SourceCode/Udacity/Desenvolvedor React/myreads/src/index.js
FN:5,_interopRequireDefault
FNF:1
FNH:0
FNDA:0,_interopRequireDefault
DA:1,0
DA:2,0
DA:3,0
DA:4,0
DA:5,0
DA:7,0
LF:6
LH:0
BRDA:5,0,0,0
BRDA:5,0,1,0
BRDA:5,1,0,0
BRDA:5,1,1,0
BRF:4
BRH:0
end_of_record
TN:
SF:/Users/dmaia/SourceCode/Udacity/Desenvolvedor React/myreads/src/setupTests.js
FNF:0
FNH:0
DA:4,2
DA:6,2
DA:7,2
DA:8,2
DA:9,2
LF:5
LH:5
BRF:0
BRH:0
end_of_record
TN:
SF:/Users/dmaia/SourceCode/Udacity/Desenvolvedor React/myreads/src/components/AddBook.js
FN:4,AddBook
FNF:1
FNH:0
FNDA:0,AddBook
DA:5,0
LF:1
LH:0
BRF:0
BRH:0
end_of_record
TN:
SF:/Users/dmaia/SourceCode/Udacity/Desenvolvedor React/myreads/src/components/Alert.js
FN:25,AlertDialog
FNF:1
FNH:0
FNDA:0,AlertDialog
DA:10,1
DA:26,0
DA:52,1
LF:3
LH:2
BRF:0
BRH:0
end_of_record
TN:
SF:/Users/dmaia/SourceCode/Udacity/Desenvolvedor React/myreads/src/components/Book.js
FN:20,Book
FNF:1
FNH:0
FNDA:0,Book
DA:6,1
DA:21,0
DA:27,0
DA:43,1
LF:4
LH:2
BRF:0
BRH:0
end_of_record
TN:
SF:/Users/dmaia/SourceCode/Udacity/Desenvolvedor React/myreads/src/components/BookGrid.js
FN:26,BookGrid
FN:31,(anonymous_1)
FNF:2
FNH:0
FNDA:0,BookGrid
FNDA:0,(anonymous_1)
DA:7,1
DA:27,0
DA:32,0
DA:51,1
LF:4
LH:2
BRF:0
BRH:0
end_of_record
TN:
SF:/Users/dmaia/SourceCode/Udacity/Desenvolvedor React/myreads/src/components/If.js
FN:22,If
FNF:1
FNH:1
FNDA:1,If
DA:4,2
DA:23,1
DA:26,2
LF:3
LH:3
BRDA:23,0,0,0
BRDA:23,0,1,1
BRF:2
BRH:1
end_of_record
TN:
SF:/Users/dmaia/SourceCode/Udacity/Desenvolvedor React/myreads/src/components/SearchBook.js
FN:35,SearchBook
FN:42,(anonymous_1)
FNF:2
FNH:0
FNDA:0,SearchBook
FNDA:0,(anonymous_1)
DA:9,1
DA:36,0
DA:42,0
DA:60,1
LF:4
LH:2
BRF:0
BRH:0
end_of_record
TN:
SF:/Users/dmaia/SourceCode/Udacity/Desenvolvedor React/myreads/src/components/ShelfBook.js
FN:26,ShelfBook
FNF:1
FNH:0
FNDA:0,ShelfBook
DA:6,1
DA:27,0
DA:44,1
LF:3
LH:2
BRF:0
BRH:0
end_of_record
TN:
SF:/Users/dmaia/SourceCode/Udacity/Desenvolvedor React/myreads/src/components/ShelfBookChanger.js
FN:21,ShelfBookChanger
FN:24,(anonymous_1)
FN:27,(anonymous_2)
FNF:3
FNH:0
FNDA:0,ShelfBookChanger
FNDA:0,(anonymous_1)
FNDA:0,(anonymous_2)
DA:5,1
DA:22,0
DA:24,0
DA:28,0
DA:37,1
LF:5
LH:2
BRDA:24,0,0,0
BRDA:24,0,1,0
BRF:2
BRH:0
end_of_record
TN:
SF:/Users/dmaia/SourceCode/Udacity/Desenvolvedor React/myreads/src/components/ShelfBookGroup.js
FN:30,ShelfBookGroup
FN:40,(anonymous_1)
FNF:2
FNH:0
FNDA:0,ShelfBookGroup
FNDA:0,(anonymous_1)
DA:9,1
DA:31,0
DA:41,0
DA:59,1
LF:4
LH:2
BRF:0
BRH:0
end_of_record
TN:
SF:/Users/dmaia/SourceCode/Udacity/Desenvolvedor React/myreads/src/containers/SearchBookContainer.js
FN:45,(anonymous_0)
FN:47,(anonymous_1)
FN:49,(anonymous_2)
FN:54,(anonymous_3)
FN:70,(anonymous_4)
FN:82,(anonymous_5)
FN:93,(anonymous_6)
FN:99,(anonymous_7)
FNF:8
FNH:0
FNDA:0,(anonymous_0)
FNDA:0,(anonymous_1)
FNDA:0,(anonymous_2)
FNDA:0,(anonymous_3)
FNDA:0,(anonymous_4)
FNDA:0,(anonymous_5)
FNDA:0,(anonymous_6)
FNDA:0,(anonymous_7)
DA:10,1
DA:46,0
DA:47,0
DA:48,0
DA:50,0
DA:51,0
DA:52,0
DA:53,0
DA:55,0
DA:56,0
DA:71,0
DA:72,0
DA:83,0
DA:94,0
DA:95,0
DA:96,0
DA:100,0
DA:113,1
LF:18
LH:2
BRDA:48,0,0,0
BRDA:48,0,1,0
BRDA:71,1,0,0
BRDA:71,1,1,0
BRDA:83,2,0,0
BRDA:83,2,1,0
BRF:6
BRH:0
end_of_record
TN:
SF:/Users/dmaia/SourceCode/Udacity/Desenvolvedor React/myreads/src/helpers/Helpers.js
FN:10,(anonymous_0)
FN:10,(anonymous_1)
FN:10,(anonymous_2)
FNF:3
FNH:0
FNDA:0,(anonymous_0)
FNDA:0,(anonymous_1)
FNDA:0,(anonymous_2)
DA:10,1
LF:1
LH:1
BRF:0
BRH:0
end_of_record
TN:
SF:/Users/dmaia/SourceCode/Udacity/Desenvolvedor React/myreads/src/utils/Util.js
FN:12,transformBook
FN:14,(anonymous_1)
FN:36,bindShelfs
FN:45,shelfs
FN:60,filter
FN:61,(anonymous_5)
FN:62,(anonymous_6)
FN:75,createInitialObj
FN:91,findShelf
FN:92,(anonymous_9)
FN:93,(anonymous_10)
FN:104,addBookOnShelf
FN:105,(anonymous_12)
FN:119,updateShelf
FN:120,(anonymous_14)
FN:122,(anonymous_15)
FNF:16
FNH:0
FNDA:0,transformBook
FNDA:0,(anonymous_1)
FNDA:0,bindShelfs
FNDA:0,shelfs
FNDA:0,filter
FNDA:0,(anonymous_5)
FNDA:0,(anonymous_6)
FNDA:0,createInitialObj
FNDA:0,findShelf
FNDA:0,(anonymous_9)
FNDA:0,(anonymous_10)
FNDA:0,addBookOnShelf
FNDA:0,(anonymous_12)
FNDA:0,updateShelf
FNDA:0,(anonymous_14)
FNDA:0,(anonymous_15)
DA:14,0
DA:15,0
DA:38,0
DA:46,0
DA:61,0
DA:62,0
DA:76,0
DA:77,0
DA:78,0
DA:80,0
DA:92,0
DA:93,0
DA:105,0
DA:106,0
DA:107,0
DA:120,0
DA:121,0
DA:122,0
LF:18
LH:0
BRDA:19,0,0,0
BRDA:19,0,1,0
BRDA:20,1,0,0
BRDA:20,1,1,0
BRDA:92,2,0,0
BRF:5
BRH:0
end_of_record
